[2012-10-30 13:15:09] START
[2012-10-30 13:15:22] CREATE clinic.py: 0
[2012-10-30 15:03:37] EDIT 183_Project/models/clinic.py: 7
[2012-10-30 15:29:03] EDIT 183_Project/models/clinic.py: 3
[2012-10-30 15:34:48] EDIT 183_Project/models/clinic.py: 1
[2012-10-30 15:36:12] EDIT 183_Project/models/clinic.py: 0
[2012-10-30 15:38:51] EDIT 183_Project/models/clinic.py: 1
[2012-10-30 15:46:31] EDIT 183_Project/models/clinic.py: 0
[2012-10-30 15:47:14] EDIT 183_Project/views/default/index.html: -25
[2012-10-30 15:55:27] EDIT 183_Project/models/clinic.py: 3
[2012-10-30 15:56:03] EDIT 183_Project/models/clinic.py: 0
[2012-10-30 15:57:08] EDIT 183_Project/models/clinic.py: -3
[2012-10-30 15:59:06] EDIT 183_Project/views/default/index.html: 0
[2012-10-30 15:59:35] EDIT 183_Project/views/default/index.html: 0
[2012-10-30 16:03:16] CREATE default/view.html: 0
[2012-10-30 16:03:40] EDIT 183_Project/views/default/view.html: 3
[2012-10-30 16:05:07] EDIT 183_Project/views/default/view.html: -1
[2012-10-30 16:25:33] EDIT 183_Project/controllers/default.py: 7
[2012-10-30 16:25:48] EDIT 183_Project/controllers/default.py: 0
[2012-10-30 16:27:28] EDIT 183_Project/controllers/default.py: 3
[2012-10-30 16:27:56] CREATE default/edit.html: 0
[2012-10-30 16:28:45] EDIT 183_Project/controllers/default.py: 0
[2012-10-30 16:29:50] EDIT 183_Project/views/default/edit.html: 0
[2012-10-30 16:30:19] EDIT 183_Project/views/default/edit.html: 0
[2012-10-30 16:33:31] EDIT 183_Project/models/clinic.py: 0
[2012-10-30 16:34:08] EDIT 183_Project/controllers/default.py: 0
[2012-10-30 16:34:23] EDIT 183_Project/views/default/index.html: 0
[2012-10-30 16:36:04] EDIT 183_Project/controllers/default.py: 0
[2012-10-30 16:40:10] EDIT 183_Project/models/clinic.py: -1
[2012-10-30 16:40:10] EDIT 183_Project/models/clinic.py: 0
[2012-10-30 16:41:07] CREATE providers.py: 0
[2012-10-30 16:41:29] EDIT 183_Project/models/providers.py: 11
[2012-10-30 16:41:37] DELETE 183_Project/models/clinic.py: -11
[2012-10-30 16:42:08] EDIT 183_Project/models/providers.py: 0
[2012-10-30 16:43:30] EDIT 183_Project/models/providers.py: 1
[2012-10-30 16:44:17] EDIT 183_Project/views/default/index.html: 0
[2012-10-30 16:45:37] EDIT 183_Project/views/default/index.html: 1
[2012-10-30 16:45:54] EDIT 183_Project/views/default/index.html: 0
[2012-10-30 16:46:55] EDIT 183_Project/views/default/index.html: 0
[2012-10-30 16:48:30] EDIT 183_Project/controllers/default.py: 0
[2012-10-30 16:49:09] EDIT 183_Project/models/providers.py: 0
[2012-10-30 16:50:08] EDIT 183_Project/models/providers.py: 1
[2012-11-04 20:39:23] EDIT 183_Project/views/default/index.html: 2
[2012-11-04 20:50:43] EDIT 183_Project/views/default/index.html: 0
[2012-11-04 20:51:18] EDIT 183_Project/views/default/index.html: 0
[2012-11-04 20:51:47] EDIT 183_Project/views/default/index.html: 0
[2012-11-04 20:52:34] EDIT 183_Project/views/default/index.html: 0
[2012-11-04 21:00:15] EDIT 183_Project/views/default/index.html: 0
[2012-11-04 21:00:52] EDIT 183_Project/views/default/index.html: 1
[2012-11-04 21:01:12] EDIT 183_Project/views/default/index.html: -1
[2012-11-04 21:03:10] EDIT 183_Project/views/default/index.html: 0
[2012-11-04 21:03:38] EDIT 183_Project/views/default/index.html: 0
[2012-11-04 21:06:07] EDIT 183_Project/views/default/index.html: 0
[2012-11-04 21:08:57] EDIT 183_Project/views/default/index.html: 0
[2012-11-04 21:10:03] EDIT 183_Project/views/default/index.html: 0
[2012-11-04 21:11:47] EDIT 183_Project/views/default/index.html: 0
[2012-11-04 21:12:51] EDIT 183_Project/views/default/index.html: 0
[2012-11-04 21:13:06] EDIT 183_Project/views/default/index.html: 0
[2012-11-04 21:13:07] EDIT 183_Project/views/default/index.html: 0
[2012-11-04 21:15:23] CREATE providers.html: 0
[2012-11-04 21:19:29] EDIT 183_Project/views/providers.html: 1
[2012-11-04 21:21:55] DELETE 183_Project/views/providers.html: -4
[2012-11-04 21:22:05] CREATE default/providers.html: 0
[2012-11-04 21:24:50] EDIT 183_Project/views/default/providers.html: 2
[2012-11-04 21:26:56] EDIT 183_Project/controllers/default.py: 6
[2012-11-04 21:31:46] EDIT 183_Project/views/default/index.html: 0
[2012-11-04 21:32:31] EDIT 183_Project/views/default/index.html: 0
[2012-11-04 21:34:03] EDIT 183_Project/views/default/providers.html: 0
[2012-11-05 12:59:12] EDIT 183_Project/controllers/default.py: 1
[2012-11-05 13:00:10] CREATE default/manage.html: 0
[2012-11-05 13:02:37] EDIT 183_Project/views/default/manage.html: 2
[2012-11-05 13:03:16] EDIT 183_Project/views/default/index.html: 0
[2012-11-05 13:05:18] EDIT 183_Project/views/default/index.html: 0
[2012-11-05 13:05:36] EDIT 183_Project/controllers/default.py: 0
[2012-11-05 13:07:20] EDIT 183_Project/controllers/default.py: 0
[2012-11-05 13:33:09] EDIT 183_Project/views/default/index.html: 0
[2012-11-05 13:36:32] EDIT 183_Project/models/menu.py: 0
[2012-11-05 13:37:08] EDIT 183_Project/models/menu.py: 0
[2012-11-05 13:38:04] DELETE 183_Project/views/plugin_layouts/layouts/GreenandPlain.html: -169
[2012-11-05 13:38:23] DELETE 183_Project/static/plugin_layouts/superfish.css: -134
[2012-11-05 13:38:28] DELETE 183_Project/static/plugin_layouts/superfish.js: -112
[2012-11-05 13:38:45] DELETE 183_Project/static/plugin_layouts/layouts/GreenandPlain/index.html: -106
[2012-11-05 13:38:54] DELETE 183_Project/static/plugin_layouts/layouts/GreenandPlain/license.txt: -216
[2012-11-05 13:39:01] DELETE 183_Project/static/plugin_layouts/layouts/GreenandPlain/preview.png: -41
[2012-11-05 13:39:08] DELETE 183_Project/static/plugin_layouts/layouts/GreenandPlain/style.css: -163
[2012-11-05 13:39:17] DELETE 183_Project/static/plugin_layouts/layouts/GreenandPlain/images/img01.jpg: -1
[2012-11-05 13:39:25] DELETE 183_Project/static/plugin_layouts/layouts/GreenandPlain/images/img02.jpg: -2
[2012-11-05 13:39:31] DELETE 183_Project/static/plugin_layouts/layouts/GreenandPlain/images/img03.jpg: -14
[2012-11-05 13:45:04] EDIT 183_Project/views/layout.html: -7
[2012-11-05 13:45:52] DELETE 183_Project/views/layout.html.1: -162
[2012-11-05 13:49:23] EDIT 183_Project/models/menu.py: 0
[2012-11-05 13:59:39] EDIT 183_Project/models/menu.py: -65
[2012-11-05 14:01:34] EDIT 183_Project/models/menu.py: -1
[2012-11-05 14:03:05] EDIT 183_Project/models/menu.py: -4
[2012-11-05 14:03:51] EDIT 183_Project/models/menu.py: -1
[2012-11-05 14:06:55] EDIT 183_Project/models/menu.py: 0
[2012-11-05 14:09:34] EDIT 183_Project/models/menu.py: 1
[2012-11-05 14:10:31] EDIT 183_Project/models/menu.py: -1
[2012-11-05 14:15:44] EDIT 183_Project/views/default/index.html: -2
[2012-11-05 14:30:25] EDIT 183_Project/models/providers.py: 4
[2012-11-05 14:38:18] EDIT 183_Project/models/providers.py: 3
[2012-11-05 14:41:41] EDIT 183_Project/models/providers.py: 3
[2012-11-05 14:42:01] EDIT 183_Project/models/providers.py: 0
[2012-11-05 14:42:11] EDIT 183_Project/models/providers.py: 0
[2012-11-05 14:42:23] EDIT 183_Project/models/providers.py: 0
[2012-11-05 14:42:30] EDIT 183_Project/models/providers.py: 0
[2012-11-05 14:42:42] EDIT 183_Project/models/providers.py: 0
[2012-11-05 14:43:23] EDIT 183_Project/models/providers.py: 0
[2012-11-05 14:43:36] EDIT 183_Project/models/providers.py: 0
[2012-11-05 14:46:06] EDIT 183_Project/models/providers.py: 0
[2012-11-05 14:46:15] EDIT 183_Project/models/providers.py: 0
[2012-11-05 14:46:26] EDIT 183_Project/models/providers.py: 0
[2012-11-05 14:46:36] EDIT 183_Project/models/providers.py: 0
[2012-11-05 14:48:27] EDIT 183_Project/models/providers.py: 0
[2012-11-05 14:49:09] EDIT 183_Project/models/providers.py: 0
[2012-11-05 14:49:51] EDIT 183_Project/models/providers.py: 0
[2012-11-05 14:50:41] EDIT 183_Project/models/providers.py: 0
[2012-11-05 14:51:40] EDIT 183_Project/models/providers.py: 0
[2012-11-05 14:54:03] EDIT 183_Project/models/providers.py: -1
[2012-11-05 15:02:41] EDIT 183_Project/controllers/default.py: 0
[2012-11-05 15:05:08] EDIT 183_Project/controllers/default.py: -1
[2012-11-05 15:06:04] EDIT 183_Project/controllers/default.py: 0
[2012-11-05 15:08:59] EDIT 183_Project/controllers/default.py: 0
[2012-11-05 15:11:35] EDIT 183_Project/views/default/index.html: -1
[2012-11-05 15:13:26] EDIT 183_Project/controllers/default.py: 2
[2012-11-05 15:13:34] EDIT 183_Project/controllers/default.py: 0
[2012-11-05 15:13:50] CREATE default/results.html: 0
[2012-11-05 15:14:05] EDIT 183_Project/views/default/results.html: -1
[2012-11-05 15:15:45] EDIT 183_Project/controllers/default.py: 3
[2012-11-06 14:24:29] EDIT 183_Project/controllers/default.py: 0
[2012-11-06 14:24:54] EDIT 183_Project/controllers/default.py: -2
[2012-11-06 14:25:17] EDIT 183_Project/controllers/default.py: -1
[2012-11-06 14:25:36] EDIT 183_Project/controllers/default.py: 3
[2012-11-06 14:25:41] EDIT 183_Project/controllers/default.py: -2
[2012-11-06 14:26:33] EDIT 183_Project/controllers/default.py: 0
[2012-11-06 14:27:07] EDIT 183_Project/controllers/default.py: 0
[2012-11-06 14:44:16] EDIT 183_Project/controllers/default.py: 0
[2012-11-06 14:47:43] EDIT 183_Project/controllers/default.py: 0
[2012-11-06 14:48:04] EDIT 183_Project/controllers/default.py: 0
[2012-11-06 14:48:18] EDIT 183_Project/controllers/default.py: 0
[2012-11-06 15:09:23] EDIT 183_Project/controllers/default.py: -6
[2012-11-06 15:11:01] EDIT 183_Project/controllers/default.py: 1
[2012-11-06 15:15:05] EDIT 183_Project/views/layout.html: 0
[2012-11-06 15:28:42] EDIT 183_Project/models/providers.py: 0
[2012-11-06 16:27:22] EDIT 183_Project/models/providers.py: 0
